Flutter crash report; please file at https://github.com/flutter/flutter/issues.

## command

flutter run --machine --target lib/main.dart -d DC476784-691D-4031-ACC9-2A6E99BCD172 --track-widget-creation --start-paused

## exception

FileSystemException: FileSystemException: Cannot open file, path = '/Users/mghlcs/Development/tracer/.packages' (OS Error: No such file or directory, errno = 2)

```
#0      _File.throwIfError (dart:io/file_impl.dart:643:7)
#1      _File.openSync (dart:io/file_impl.dart:487:5)
#2      _File.readAsBytesSync (dart:io/file_impl.dart:547:18)
#3      ForwardingFile.readAsBytesSync (package:file/src/forwarding/forwarding_file.dart:95:62)
#4      _parse (package:flutter_tools/src/dart/package_map.dart:13:50)
#5      PackageMap.load (package:flutter_tools/src/dart/package_map.dart:37:14)
#6      PackageMap.map (package:flutter_tools/src/dart/package_map.dart:41:5)
#7      new PackageUriMapper (package:flutter_tools/src/compile.dart:166:84)
#8      ResidentCompiler._recompile (package:flutter_tools/src/compile.dart:463:26)
<asynchronous suspension>
#9      _RecompileRequest._run (package:flutter_tools/src/compile.dart:349:16)
<asynchronous suspension>
#10     _CompilationRequest.run (package:flutter_tools/src/compile.dart:329:30)
<asynchronous suspension>
#11     ResidentCompiler._handleCompilationRequest (package:flutter_tools/src/compile.dart:508:23)
<asynchronous suspension>
#12     _rootRunUnary (dart:async/zone.dart:1136:13)
#13     _CustomZone.runUnary (dart:async/zone.dart:1029:19)
#14     _CustomZone.runUnaryGuarded (dart:async/zone.dart:931:7)
#15     _BufferingStreamSubscription._sendData (dart:async/stream_impl.dart:336:11)
#16     _DelayedData.perform (dart:async/stream_impl.dart:591:14)
#17     _StreamImplEvents.handleNext (dart:async/stream_impl.dart:707:11)
#18     _PendingEvents.schedule.<anonymous closure> (dart:async/stream_impl.dart:667:7)
#19     _rootRun (dart:async/zone.dart:1120:38)
#20     _CustomZone.run (dart:async/zone.dart:1021:19)
#21     _CustomZone.runGuarded (dart:async/zone.dart:923:7)
#22     _CustomZone.bindCallbackGuarded.<anonymous closure> (dart:async/zone.dart:963:23)
#23     _rootRun (dart:async/zone.dart:1124:13)
#24     _CustomZone.run (dart:async/zone.dart:1021:19)
#25     _CustomZone.runGuarded (dart:async/zone.dart:923:7)
#26     _CustomZone.bindCallbackGuarded.<anonymous closure> (dart:async/zone.dart:963:23)
#27     _microtaskLoop (dart:async/schedule_microtask.dart:41:21)
#28     _startMicrotaskLoop (dart:async/schedule_microtask.dart:50:5)
#29     _runPendingImmediateCallback (dart:isolate-patch/isolate_patch.dart:116:13)
#30     _RawReceivePortImpl._handleMessage (dart:isolate-patch/isolate_patch.dart:173:5)
```

## flutter doctor

```
[✓] Flutter (Channel stable, v1.9.1+hotfix.2, on Mac OS X 10.14.6 18G87, locale en-US)
    • Flutter version 1.9.1+hotfix.2 at /Users/mghlcs/Development/flutter
    • Framework revision 2d2a1ffec9 (10 days ago), 2019-09-06 18:39:49 -0700
    • Engine revision b863200c37
    • Dart version 2.5.0

[✓] Android toolchain - develop for Android devices (Android SDK version 28.0.3)
    • Android SDK at /Users/mghlcs/Library/Android/sdk
    • Android NDK location not configured (optional; useful for native profiling support)
    • Platform android-28, build-tools 28.0.3
    • Java binary at: /Users/mghlcs/Library/Application Support/JetBrains/Toolbox/apps/AndroidStudio/ch-0/191.5791312/Android Studio.app/Contents/jre/jdk/Contents/Home/bin/java
    • Java version OpenJDK Runtime Environment (build 1.8.0_202-release-1483-b49-5587405)
    • All Android licenses accepted.

[✓] Xcode - develop for iOS and macOS (Xcode 10.3)
    • Xcode at /Applications/Xcode.app/Contents/Developer
    • Xcode 10.3, Build version 10G8
    • CocoaPods version 1.7.2

[✓] Android Studio (version 3.5)
    • Android Studio at /Users/mghlcs/Library/Application Support/JetBrains/Toolbox/apps/AndroidStudio/ch-0/191.5791312/Android Studio.app/Contents
    • Flutter plugin version 37.1.1
    • Dart plugin version 191.8423
    • Java version OpenJDK Runtime Environment (build 1.8.0_202-release-1483-b49-5587405)

[!] IntelliJ IDEA Ultimate Edition (version 2019.2)
    • IntelliJ at /Users/mghlcs/Applications/JetBrains Toolbox/IntelliJ IDEA Ultimate.app
    ✗ Flutter plugin not installed; this adds Flutter specific functionality.
    ✗ Dart plugin not installed; this adds Dart specific functionality.
    • For information about installing plugins, see
      https://flutter.dev/intellij-setup/#installing-the-plugins

[✓] VS Code (version 1.38.1)
    • VS Code at /Applications/Visual Studio Code.app/Contents
    • Flutter extension version 3.4.1

[✓] Connected device (1 available)
    • iPhone Xʀ • DC476784-691D-4031-ACC9-2A6E99BCD172 • ios • com.apple.CoreSimulator.SimRuntime.iOS-12-4 (simulator)

! Doctor found issues in 1 category.
```
